<?xml version="1.0" encoding="UTF-8"?>
<!-- Generated by org.testng.reporters.JUnitReportReporter -->
<testsuite hostname="LAPTOP-FRGEB7TF" failures="0" tests="2" name="SSquareIT.Framework.E2ETest2" time="31.634" errors="0" timestamp="2024-07-17T01:49:47 IST" skipped="0">
  <testcase classname="SSquareIT.Framework.E2ETest2" name="endToEndTest" time="12.483"/>
  <testcase classname="SSquareIT.Framework.E2ETest2" name="endToEndTest" time="19.151"/>
</testsuite> <!-- SSquareIT.Framework.E2ETest2 -->
