<?xml version="1.0" encoding="UTF-8"?>
<!-- Generated by org.testng.reporters.JUnitReportReporter -->
<testsuite hostname="LAPTOP-FRGEB7TF" failures="0" tests="2" name="SSquareIT.Framework.E2ETest2" time="20.968" errors="0" timestamp="2024-07-17T02:23:07 IST" skipped="0">
  <testcase classname="SSquareIT.Framework.E2ETest2" name="endToEndTest" time="10.936"/>
  <testcase classname="SSquareIT.Framework.E2ETest2" name="endToEndTest" time="10.032"/>
</testsuite> <!-- SSquareIT.Framework.E2ETest2 -->
