<?xml version="1.0" encoding="UTF-8"?>
<!-- Generated by org.testng.reporters.JUnitReportReporter -->
<testsuite hostname="LAPTOP-FRGEB7TF" failures="0" tests="1" name="SSquareIT.Framework.E2ETest" time="11.395" errors="0" timestamp="2024-07-17T02:20:27 IST" skipped="0">
  <testcase classname="SSquareIT.Framework.E2ETest" name="endToEndTest" time="11.395"/>
</testsuite> <!-- SSquareIT.Framework.E2ETest -->
